0 info it worked if it ends with ok
1 verbose cli [ '/usr/bin/nodejs', '/usr/bin/npm', 'link' ]
2 info using npm@1.3.10
3 info using node@v0.10.25
4 verbose linkPkg /home/shyam/generator/generator-custom-meangen
5 error Error: EACCES, unlink '/usr/local/lib/node_modules/generator-custom-meangen'
5 error  { [Error: EACCES, unlink '/usr/local/lib/node_modules/generator-custom-meangen']
5 error   errno: 3,
5 error   code: 'EACCES',
5 error   path: '/usr/local/lib/node_modules/generator-custom-meangen' }
6 error Please try running this command again as root/Administrator.
7 error System Linux 3.13.0-32-generic
8 error command "/usr/bin/nodejs" "/usr/bin/npm" "link"
9 error cwd /home/shyam/generator/generator-custom-meangen
10 error node -v v0.10.25
11 error npm -v 1.3.10
12 error path /usr/local/lib/node_modules/generator-custom-meangen
13 error code EACCES
14 error errno 3
15 error stack Error: EACCES, unlink '/usr/local/lib/node_modules/generator-custom-meangen'
16 verbose exit [ 3, true ]
